2020-03-13 - 14:43:00 8032    INFO : Successfully connected to RabbitMQ.
2020-03-13 - 14:43:00 8032    INFO : Successfully connected to Redis.
2020-03-13 - 14:43:00 8032    INFO : Consuming messages on queue requestQueueFit
2020-03-13 - 14:43:00 8032    WARNING : Invalid message received requestQueueFit. Message will be nacked and sent to dead letter.
2020-03-13 - 14:43:00 8032    WARNING : Invalid message received requestQueueFit. Message will be nacked and sent to dead letter.
2020-03-13 - 14:43:00 8032    WARNING : Invalid message received requestQueueFit. Message will be nacked and sent to dead letter.
2020-03-13 - 14:43:00 8032    WARNING : Invalid message received requestQueueFit. Message will be nacked and sent to dead letter.
2020-03-13 - 14:43:00 8032    WARNING : Invalid message received requestQueueFit. Message will be nacked and sent to dead letter.
2020-03-13 - 14:43:00 8032    WARNING : Invalid message received requestQueueFit. Message will be nacked and sent to dead letter.
2020-03-13 - 14:43:00 8032    WARNING : Invalid message received requestQueueFit. Message will be nacked and sent to dead letter.
2020-03-13 - 14:43:00 8032    WARNING : Invalid message received requestQueueFit. Message will be nacked and sent to dead letter.
2020-03-13 - 14:43:00 8032    WARNING : Invalid message received requestQueueFit. Message will be nacked and sent to dead letter.
[2020-03-13 - 14:46:02] [14716] [INFO] Successfully connected to RabbitMQ.
[2020-03-13 - 14:46:02] [14716] [INFO] Successfully connected to Redis.
[2020-03-13 - 14:46:02] [14716] [INFO] Consuming messages on queue requestQueueFit
[2020-03-13 - 14:46:27] [14716] [WARNING] Invalid message received requestQueueFit. Message will be nacked and sent to dead letter.
2020-03-13 - 14:47:07 [22368] [INFO] Successfully connected to RabbitMQ.
2020-03-13 - 14:47:07 [22368] [INFO] Successfully connected to Redis.
2020-03-13 - 14:47:07 [22368] [INFO] Consuming messages on queue requestQueueFit
2020-03-13 - 16:27:50 [23772] [INFO] Successfully connected to RabbitMQ.
2020-03-13 - 16:27:50 [23772] [INFO] Successfully connected to Redis.
2020-03-13 - 16:27:50 [23772] [INFO] Consuming messages on queue requestQueueForecast
